Using pre-set license
Built from '6000.0/respin/6000.0.51f1-a206c6c19c75' branch; Version is '6000.0.51f1 (01c3ff5872c5) revision 115711'; Using compiler version '193933523'; Build Type 'Release'
OS: 'Windows 10  (10.0.19045) 64bit Professional' Language: 'es' Physical Memory: 16332 MB
BatchMode: 1, IsHumanControllingUs: 0, StartBugReporterOnCrash: 0, Is64bit: 1
Date: 2025-07-03T22:28:34Z

COMMAND LINE ARGUMENTS:
B:\Program Files\Unity\Hub\Editor\6000.0.51f1\Editor\Unity.exe
-adb2
-batchMode
-noUpm
-name
AssetImportWorker0
-projectPath
B:/programacion/Unity/Pacman
-logFile
Logs/AssetImportWorker0.log
-srvPort
51187
-job-worker-count
3
-background-job-worker-count
8
-gc-helper-count
1
Successfully changed project path to: B:/programacion/Unity/Pacman
B:/programacion/Unity/Pacman
[UnityMemory] Configuration Parameters - Can be set up in boot.config
    "memorysetup-bucket-allocator-granularity=16"
    "memorysetup-bucket-allocator-bucket-count=8"
    "memorysetup-bucket-allocator-block-size=33554432"
    "memorysetup-bucket-allocator-block-count=8"
    "memorysetup-main-allocator-block-size=16777216"
    "memorysetup-thread-allocator-block-size=16777216"
    "memorysetup-gfx-main-allocator-block-size=16777216"
    "memorysetup-gfx-thread-allocator-block-size=16777216"
    "memorysetup-cache-allocator-block-size=4194304"
    "memorysetup-typetree-allocator-block-size=2097152"
    "memorysetup-profiler-bucket-allocator-granularity=16"
    "memorysetup-profiler-bucket-allocator-bucket-count=8"
    "memorysetup-profiler-bucket-allocator-block-size=33554432"
    "memorysetup-profiler-bucket-allocator-block-count=8"
    "memorysetup-profiler-allocator-block-size=16777216"
    "memorysetup-profiler-editor-allocator-block-size=1048576"
    "memorysetup-temp-allocator-size-main=16777216"
    "memorysetup-job-temp-allocator-block-size=2097152"
    "memorysetup-job-temp-allocator-block-size-background=1048576"
    "memorysetup-job-temp-allocator-reduction-small-platforms=262144"
    "memorysetup-allocator-temp-initial-block-size-main=262144"
    "memorysetup-allocator-temp-initial-block-size-worker=262144"
    "memorysetup-temp-allocator-size-background-worker=32768"
    "memorysetup-temp-allocator-size-job-worker=262144"
    "memorysetup-temp-allocator-size-preload-manager=33554432"
    "memorysetup-temp-allocator-size-nav-mesh-worker=65536"
    "memorysetup-temp-allocator-size-audio-worker=65536"
    "memorysetup-temp-allocator-size-cloud-worker=32768"
    "memorysetup-temp-allocator-size-gi-baking-worker=262144"
    "memorysetup-temp-allocator-size-gi-baking-worker=262144"
    "memorysetup-temp-allocator-size-gi-baking-worker=262144"
    "memorysetup-temp-allocator-size-gi-baking-worker=262144"
    "memorysetup-temp-allocator-size-gi-baking-worker=262144"
    "memorysetup-temp-allocator-size-gfx=262144"
Player connection [34328]  Target information:

Player connection [34328]  * "[IP] 192.168.1.133 [Port] 0 [Flags] 2 [Guid] 418799183 [EditorId] 418799183 [Version] 1048832 [Id] WindowsEditor(7,DESKTOP-1CT6MVE) [Debug] 1 [PackageName] WindowsEditor [ProjectName] Editor" 

Player connection [34328]  * "[IP] 26.182.84.39 [Port] 0 [Flags] 2 [Guid] 418799183 [EditorId] 418799183 [Version] 1048832 [Id] WindowsEditor(7,DESKTOP-1CT6MVE) [Debug] 1 [PackageName] WindowsEditor [ProjectName] Editor" 

Player connection [34328]  * "[IP] 172.22.62.7 [Port] 0 [Flags] 2 [Guid] 418799183 [EditorId] 418799183 [Version] 1048832 [Id] WindowsEditor(7,DESKTOP-1CT6MVE) [Debug] 1 [PackageName] WindowsEditor [ProjectName] Editor" 

Player connection [34328]  * "[IP] 10.144.62.7 [Port] 0 [Flags] 2 [Guid] 418799183 [EditorId] 418799183 [Version] 1048832 [Id] WindowsEditor(7,DESKTOP-1CT6MVE) [Debug] 1 [PackageName] WindowsEditor [ProjectName] Editor" 

Player connection [34328]  * "[IP] 192.168.56.1 [Port] 0 [Flags] 2 [Guid] 418799183 [EditorId] 418799183 [Version] 1048832 [Id] WindowsEditor(7,DESKTOP-1CT6MVE) [Debug] 1 [PackageName] WindowsEditor [ProjectName] Editor" 

Player connection [34328]  * "[IP] 10.147.17.36 [Port] 0 [Flags] 2 [Guid] 418799183 [EditorId] 418799183 [Version] 1048832 [Id] WindowsEditor(7,DESKTOP-1CT6MVE) [Debug] 1 [PackageName] WindowsEditor [ProjectName] Editor" 

Player connection [34328] Host joined multi-casting on [225.0.0.222:54997]...
Player connection [34328] Host joined alternative multi-casting on [225.0.0.222:34997]...
JobSystem: Creating JobQueue using job-worker-count value 3
Input System module state changed to: Initialized.
[Physics::Module] Initialized fallback backend.
[Physics::Module] Id: 0xdecafbad
Library Redirect Path: Library/
[Physics::Module] Selected backend.
[Physics::Module] Name: PhysX
[Physics::Module] Id: 0xf2b8ea05
[Physics::Module] SDK Version: 4.1.2
[Physics::Module] Integration Version: 1.0.0
[Physics::Module] Threading Mode: Multi-Threaded
Refreshing native plugins compatible for Editor in 13.64 ms, found 3 plugins.
Preloading 0 native plugins for Editor in 0.01 ms.
Initialize engine version: 6000.0.51f1 (01c3ff5872c5)
[Subsystems] Discovering subsystems at path B:/Program Files/Unity/Hub/Editor/6000.0.51f1/Editor/Data/Resources/UnitySubsystems
[Subsystems] Discovering subsystems at path B:/programacion/Unity/Pacman/Assets
GfxDevice: creating device client; kGfxThreadingModeNonThreaded
Direct3D:
    Version:  Direct3D 11.0 [level 11.1]
    Renderer: NVIDIA GeForce RTX 3060 Ti (ID=0x2489)
    Vendor:   NVIDIA
    VRAM:     8024 MB
    Driver:   32.0.15.7283
Initialize mono
Mono path[0] = 'B:/Program Files/Unity/Hub/Editor/6000.0.51f1/Editor/Data/Managed'
Mono path[1] = 'B:/Program Files/Unity/Hub/Editor/6000.0.51f1/Editor/Data/MonoBleedingEdge/lib/mono/unityjit-win32'
Mono config path = 'B:/Program Files/Unity/Hub/Editor/6000.0.51f1/Editor/Data/MonoBleedingEdge/etc'
Using monoOptions --debugger-agent=transport=dt_socket,embedding=1,server=y,suspend=n,address=127.0.0.1:56688
Begin MonoManager ReloadAssembly
Registering precompiled unity dll's ...
Register platform support module: B:/Program Files/Unity/Hub/Editor/6000.0.51f1/Editor/Data/PlaybackEngines/WindowsStandaloneSupport/UnityEditor.WindowsStandalone.Extensions.dll
Register platform support module: B:/Program Files/Unity/Hub/Editor/6000.0.51f1/Editor/Data/PlaybackEngines/AndroidPlayer/UnityEditor.Android.Extensions.dll
Registered in 0.035095 seconds.
- Loaded All Assemblies, in  1.927 seconds
Native extension for Android target not found
Android Extension - Scanning For ADB Devices 696 ms
Native extension for WindowsStandalone target not found
Mono: successfully reloaded assembly
- Finished resetting the current domain, in  1.727 seconds
Domain Reload Profiling: 3655ms
	BeginReloadAssembly (1298ms)
		ExecutionOrderSort (0ms)
		DisableScriptedObjects (0ms)
		BackupInstance (0ms)
		ReleaseScriptingObjects (0ms)
		CreateAndSetChildDomain (1ms)
	RebuildCommonClasses (115ms)
	RebuildNativeTypeToScriptingClass (20ms)
	initialDomainReloadingComplete (122ms)
	LoadAllAssembliesAndSetupDomain (372ms)
		LoadAssemblies (1302ms)
		RebuildTransferFunctionScriptingTraits (0ms)
		AnalyzeDomain (361ms)
			TypeCache.Refresh (359ms)
				TypeCache.ScanAssembly (334ms)
			BuildScriptInfoCaches (0ms)
			ResolveRequiredComponents (1ms)
	FinalizeReload (1728ms)
		ReleaseScriptCaches (0ms)
		RebuildScriptCaches (0ms)
		SetupLoadedEditorAssemblies (1619ms)
			LogAssemblyErrors (0ms)
			InitializePlatformSupportModulesInManaged (900ms)
			SetLoadedEditorAssemblies (9ms)
			BeforeProcessingInitializeOnLoad (158ms)
			ProcessInitializeOnLoadAttributes (358ms)
			ProcessInitializeOnLoadMethodAttributes (195ms)
			AfterProcessingInitializeOnLoad (0ms)
			EditorAssembliesLoaded (0ms)
		ExecutionOrderSort2 (0ms)
		AwakeInstancesAfterBackupRestoration (0ms)
========================================================================
Worker process is ready to serve import requests
Import Worker Mode flag is 0x00
Begin MonoManager ReloadAssembly
- Loaded All Assemblies, in  2.420 seconds
Refreshing native plugins compatible for Editor in 4.00 ms, found 3 plugins.
Native extension for Android target not found
Native extension for WindowsStandalone target not found
Mono: successfully reloaded assembly
- Finished resetting the current domain, in  2.562 seconds
Domain Reload Profiling: 4979ms
	BeginReloadAssembly (482ms)
		ExecutionOrderSort (0ms)
		DisableScriptedObjects (16ms)
		BackupInstance (0ms)
		ReleaseScriptingObjects (0ms)
		CreateAndSetChildDomain (68ms)
	RebuildCommonClasses (108ms)
	RebuildNativeTypeToScriptingClass (33ms)
	initialDomainReloadingComplete (96ms)
	LoadAllAssembliesAndSetupDomain (1698ms)
		LoadAssemblies (1462ms)
		RebuildTransferFunctionScriptingTraits (0ms)
		AnalyzeDomain (542ms)
			TypeCache.Refresh (413ms)
				TypeCache.ScanAssembly (378ms)
			BuildScriptInfoCaches (100ms)
			ResolveRequiredComponents (25ms)
	FinalizeReload (2563ms)
		ReleaseScriptCaches (0ms)
		RebuildScriptCaches (0ms)
		SetupLoadedEditorAssemblies (1982ms)
			LogAssemblyErrors (0ms)
			InitializePlatformSupportModulesInManaged (27ms)
			SetLoadedEditorAssemblies (6ms)
			BeforeProcessingInitializeOnLoad (275ms)
			ProcessInitializeOnLoadAttributes (1512ms)
			ProcessInitializeOnLoadMethodAttributes (154ms)
			AfterProcessingInitializeOnLoad (8ms)
			EditorAssembliesLoaded (0ms)
		ExecutionOrderSort2 (0ms)
		AwakeInstancesAfterBackupRestoration (20ms)
Launched and connected shader compiler UnityShaderCompiler.exe after 0.14 seconds
Refreshing native plugins compatible for Editor in 4.33 ms, found 3 plugins.
Preloading 0 native plugins for Editor in 0.00 ms.
Unloading 198 Unused Serialized files (Serialized files now loaded: 0)
Unloading 6163 unused Assets / (9.5 MB). Loaded Objects now: 6817.
Memory consumption went from 154.0 MB to 144.4 MB.
Total: 133.384900 ms (FindLiveObjects: 5.400600 ms CreateObjectMapping: 6.430500 ms MarkObjects: 73.614000 ms  DeleteObjects: 47.937100 ms)

========================================================================
Received Import Request.
  Time since last request: 31912.104678 seconds.
  path: Assets/tutoral/Prefabs/Ghost_Inky.prefab
  artifactKey: Guid(8398b287235293d469d1683369c48531) Importer(815301076,1909f56bfc062723c751e8b465ee728b)
Start importing Assets/tutoral/Prefabs/Ghost_Inky.prefab using Guid(8398b287235293d469d1683369c48531) Importer(815301076,1909f56bfc062723c751e8b465ee728b) (PreviewImporter) -> (artifact id: '19ed0d665748ff57da2c778ed648cff1') in 1.9501237 seconds
Number of updated asset objects reloaded before import = 0Number of asset objects unloaded after import = 79

========================================================================
Received Import Request.
  Time since last request: 0.000052 seconds.
  path: Assets/tutoral/Prefabs/Pacman.prefab
  artifactKey: Guid(b6894cca0173e8041bba0e4a8be5fde1) Importer(815301076,1909f56bfc062723c751e8b465ee728b)
Start importing Assets/tutoral/Prefabs/Pacman.prefab using Guid(b6894cca0173e8041bba0e4a8be5fde1) Importer(815301076,1909f56bfc062723c751e8b465ee728b) (PreviewImporter) -> (artifact id: 'c044fb6ce9d5de6928f7672a874dc65e') in 0.0420386 seconds
Number of updated asset objects reloaded before import = 0Number of asset objects unloaded after import = 42

========================================================================
Received Import Request.
  Time since last request: 0.000058 seconds.
  path: Assets/tutoral/Prefabs/PowerPellet.prefab
  artifactKey: Guid(445ccaa9475e5d644a8dacc468e5837d) Importer(815301076,1909f56bfc062723c751e8b465ee728b)
Start importing Assets/tutoral/Prefabs/PowerPellet.prefab using Guid(445ccaa9475e5d644a8dacc468e5837d) Importer(815301076,1909f56bfc062723c751e8b465ee728b) (PreviewImporter) -> (artifact id: '2a61382bff882a101f689302a7890409') in 0.0202509 seconds
Number of updated asset objects reloaded before import = 0Number of asset objects unloaded after import = 10

========================================================================
Received Import Request.
  Time since last request: 0.000064 seconds.
  path: Assets/tutoral/Prefabs
  artifactKey: Guid(55d6da278ba12ec4198ce955aff3db63) Importer(815301076,1909f56bfc062723c751e8b465ee728b)
Start importing Assets/tutoral/Prefabs using Guid(55d6da278ba12ec4198ce955aff3db63) Importer(815301076,1909f56bfc062723c751e8b465ee728b) (PreviewImporter) -> (artifact id: '4c08b7bacaaf660f28ea62abc2f13d7d') in 0.0021927 seconds
Number of updated asset objects reloaded before import = 0Number of asset objects unloaded after import = 0

========================================================================
Received Import Request.
  Time since last request: 0.000046 seconds.
  path: Assets/tutoral/Prefabs/Ghost_Clyde.prefab
  artifactKey: Guid(0d1f951e4ac24fe478d688dbf86a5c39) Importer(815301076,1909f56bfc062723c751e8b465ee728b)
Start importing Assets/tutoral/Prefabs/Ghost_Clyde.prefab using Guid(0d1f951e4ac24fe478d688dbf86a5c39) Importer(815301076,1909f56bfc062723c751e8b465ee728b) (PreviewImporter) -> (artifact id: '683f676df439337e84adc316335c5735') in 0.1758989 seconds
Number of updated asset objects reloaded before import = 0Number of asset objects unloaded after import = 77

========================================================================
Received Import Request.
  Time since last request: 32.319992 seconds.
  path: Assets/tutoral/Tiles
  artifactKey: Guid(e29f9169143087d45a7fbeb5a08d3eef) Importer(815301076,1909f56bfc062723c751e8b465ee728b)
Start importing Assets/tutoral/Tiles using Guid(e29f9169143087d45a7fbeb5a08d3eef) Importer(815301076,1909f56bfc062723c751e8b465ee728b) (PreviewImporter) -> (artifact id: '45de7aa9b5ba6991505045ac50acedf6') in 0.0007825 seconds
Number of updated asset objects reloaded before import = 0Number of asset objects unloaded after import = 0

========================================================================
Received Import Request.
  Time since last request: 1.135622 seconds.
  path: Assets/tutoral/Sprites
  artifactKey: Guid(1dda3d0a118915c4c8f2589e9f0ef35e) Importer(815301076,1909f56bfc062723c751e8b465ee728b)
Start importing Assets/tutoral/Sprites using Guid(1dda3d0a118915c4c8f2589e9f0ef35e) Importer(815301076,1909f56bfc062723c751e8b465ee728b) (PreviewImporter) -> (artifact id: '5dbe24897d3a5e9986acecb44937733d') in 0.0020678 seconds
Number of updated asset objects reloaded before import = 0Number of asset objects unloaded after import = 0

========================================================================
Received Import Request.
  Time since last request: 0.703501 seconds.
  path: Assets/tutoral/Scripts
  artifactKey: Guid(3c296b4c475983847a3527c6ad5738be) Importer(815301076,1909f56bfc062723c751e8b465ee728b)
Start importing Assets/tutoral/Scripts using Guid(3c296b4c475983847a3527c6ad5738be) Importer(815301076,1909f56bfc062723c751e8b465ee728b) (PreviewImporter) -> (artifact id: 'ca6c8f6c03cf5809d2bf8551e26753ef') in 0.0010969 seconds
Number of updated asset objects reloaded before import = 0Number of asset objects unloaded after import = 0

========================================================================
Received Import Request.
  Time since last request: 2.527343 seconds.
  path: Assets/tutoral/Scripts/GameManager.cs
  artifactKey: Guid(d2bf445c53cf5dd43bb5f47ad6f11f59) Importer(815301076,1909f56bfc062723c751e8b465ee728b)
Start importing Assets/tutoral/Scripts/GameManager.cs using Guid(d2bf445c53cf5dd43bb5f47ad6f11f59) Importer(815301076,1909f56bfc062723c751e8b465ee728b) (PreviewImporter) -> (artifact id: '9eac7dc2c049e9b58754e4255d237ef0') in 0.0006215 seconds
Number of updated asset objects reloaded before import = 0Number of asset objects unloaded after import = 0

========================================================================
Received Import Request.
  Time since last request: 1.027109 seconds.
  path: Assets/tutoral/Scripts/Ghost.cs
  artifactKey: Guid(7e2a82916a0e72a4daffdef2f2eafb3e) Importer(815301076,1909f56bfc062723c751e8b465ee728b)
Start importing Assets/tutoral/Scripts/Ghost.cs using Guid(7e2a82916a0e72a4daffdef2f2eafb3e) Importer(815301076,1909f56bfc062723c751e8b465ee728b) (PreviewImporter) -> (artifact id: '1c6ce9c04c0bc8d6bf3eee508154ca66') in 0.001067 seconds
Number of updated asset objects reloaded before import = 0Number of asset objects unloaded after import = 0

========================================================================
Received Import Request.
  Time since last request: 0.334612 seconds.
  path: Assets/tutoral/Scripts/GhostBehavior.cs
  artifactKey: Guid(fcd39fadb2cff9a488ee2e8c2db276fb) Importer(815301076,1909f56bfc062723c751e8b465ee728b)
Start importing Assets/tutoral/Scripts/GhostBehavior.cs using Guid(fcd39fadb2cff9a488ee2e8c2db276fb) Importer(815301076,1909f56bfc062723c751e8b465ee728b) (PreviewImporter) -> (artifact id: 'ed334ea0619c67c3e290c24189a54a57') in 0.0007772 seconds
Number of updated asset objects reloaded before import = 0Number of asset objects unloaded after import = 0

========================================================================
Received Import Request.
  Time since last request: 2.372187 seconds.
  path: Assets/tutoral/Scripts/GhostChase.cs
  artifactKey: Guid(2ef6398471c69b84e95ffbe67397df0f) Importer(815301076,1909f56bfc062723c751e8b465ee728b)
Start importing Assets/tutoral/Scripts/GhostChase.cs using Guid(2ef6398471c69b84e95ffbe67397df0f) Importer(815301076,1909f56bfc062723c751e8b465ee728b) (PreviewImporter) -> (artifact id: 'ffd353b5b890a21f78a2f30230653dd0') in 0.0007155 seconds
Number of updated asset objects reloaded before import = 0Number of asset objects unloaded after import = 0

========================================================================
Received Import Request.
  Time since last request: 1.134297 seconds.
  path: Assets/tutoral/Scripts/GhostEyes.cs
  artifactKey: Guid(7c933bc77d8cbcb4083909f40e3a0a9b) Importer(815301076,1909f56bfc062723c751e8b465ee728b)
Start importing Assets/tutoral/Scripts/GhostEyes.cs using Guid(7c933bc77d8cbcb4083909f40e3a0a9b) Importer(815301076,1909f56bfc062723c751e8b465ee728b) (PreviewImporter) -> (artifact id: '9997f7d22bd92f2d6ed903390ddfa5b9') in 0.000584 seconds
Number of updated asset objects reloaded before import = 0Number of asset objects unloaded after import = 0

========================================================================
Received Import Request.
  Time since last request: 3.122685 seconds.
  path: Assets/tutoral/Scripts/GhostFrightened.cs
  artifactKey: Guid(589e258e6d64c574bb07b6a55fcd6b6d) Importer(815301076,1909f56bfc062723c751e8b465ee728b)
Start importing Assets/tutoral/Scripts/GhostFrightened.cs using Guid(589e258e6d64c574bb07b6a55fcd6b6d) Importer(815301076,1909f56bfc062723c751e8b465ee728b) (PreviewImporter) -> (artifact id: 'f564a45f425429e2465218d2b608dad7') in 0.0007088 seconds
Number of updated asset objects reloaded before import = 0Number of asset objects unloaded after import = 0

========================================================================
Received Import Request.
  Time since last request: 1.140567 seconds.
  path: Assets/tutoral/Scripts/GhostHome.cs
  artifactKey: Guid(e56e93f9a85f2174dadd6fdb859d8f73) Importer(815301076,1909f56bfc062723c751e8b465ee728b)
Start importing Assets/tutoral/Scripts/GhostHome.cs using Guid(e56e93f9a85f2174dadd6fdb859d8f73) Importer(815301076,1909f56bfc062723c751e8b465ee728b) (PreviewImporter) -> (artifact id: '1ac61134287625d1029ccaaeecc0a74a') in 0.0007791 seconds
Number of updated asset objects reloaded before import = 0Number of asset objects unloaded after import = 0

========================================================================
Received Import Request.
  Time since last request: 1.266978 seconds.
  path: Assets/tutoral/Scripts/GhostScatter.cs
  artifactKey: Guid(d90e4b56b62e12c4dab1ac724d70d134) Importer(815301076,1909f56bfc062723c751e8b465ee728b)
Start importing Assets/tutoral/Scripts/GhostScatter.cs using Guid(d90e4b56b62e12c4dab1ac724d70d134) Importer(815301076,1909f56bfc062723c751e8b465ee728b) (PreviewImporter) -> (artifact id: 'a383889ad84fe881734ed57fb38d80df') in 0.0007808 seconds
Number of updated asset objects reloaded before import = 0Number of asset objects unloaded after import = 0

========================================================================
Received Import Request.
  Time since last request: 0.763011 seconds.
  path: Assets/tutoral/Scripts/Movement.cs
  artifactKey: Guid(79d7f2cb27e699b47a997a794f901408) Importer(815301076,1909f56bfc062723c751e8b465ee728b)
Start importing Assets/tutoral/Scripts/Movement.cs using Guid(79d7f2cb27e699b47a997a794f901408) Importer(815301076,1909f56bfc062723c751e8b465ee728b) (PreviewImporter) -> (artifact id: 'a432ae623b64d30e214518f7a45cdb3d') in 0.0008329 seconds
Number of updated asset objects reloaded before import = 0Number of asset objects unloaded after import = 0

========================================================================
Received Import Request.
  Time since last request: 0.438006 seconds.
  path: Assets/tutoral/Scripts/Node.cs
  artifactKey: Guid(5e20d02634dc3a843927e14f184fb010) Importer(815301076,1909f56bfc062723c751e8b465ee728b)
Start importing Assets/tutoral/Scripts/Node.cs using Guid(5e20d02634dc3a843927e14f184fb010) Importer(815301076,1909f56bfc062723c751e8b465ee728b) (PreviewImporter) -> (artifact id: 'f456a646e61eb2c36ff90f80d44decec') in 0.000693 seconds
Number of updated asset objects reloaded before import = 0Number of asset objects unloaded after import = 0

========================================================================
Received Import Request.
  Time since last request: 0.426473 seconds.
  path: Assets/tutoral/Scripts/Pacman.cs
  artifactKey: Guid(25d0a2c5d43813649babf2430742dae9) Importer(815301076,1909f56bfc062723c751e8b465ee728b)
Start importing Assets/tutoral/Scripts/Pacman.cs using Guid(25d0a2c5d43813649babf2430742dae9) Importer(815301076,1909f56bfc062723c751e8b465ee728b) (PreviewImporter) -> (artifact id: '1d8661b82b5ec949bab1d5f7a00e200e') in 0.0008683 seconds
Number of updated asset objects reloaded before import = 0Number of asset objects unloaded after import = 0

========================================================================
Received Import Request.
  Time since last request: 0.338104 seconds.
  path: Assets/tutoral/Scripts/Passage.cs
  artifactKey: Guid(cec362b59eb1c514f8a7f8c5ba4c6e3a) Importer(815301076,1909f56bfc062723c751e8b465ee728b)
Start importing Assets/tutoral/Scripts/Passage.cs using Guid(cec362b59eb1c514f8a7f8c5ba4c6e3a) Importer(815301076,1909f56bfc062723c751e8b465ee728b) (PreviewImporter) -> (artifact id: '516d1aaea574a44e19407f7fcdd50d84') in 0.0007028 seconds
Number of updated asset objects reloaded before import = 0Number of asset objects unloaded after import = 0

========================================================================
Received Import Request.
  Time since last request: 0.312288 seconds.
  path: Assets/tutoral/Scripts/Pellet.cs
  artifactKey: Guid(5254213b7be9f374ea9f42e103d3d24d) Importer(815301076,1909f56bfc062723c751e8b465ee728b)
Start importing Assets/tutoral/Scripts/Pellet.cs using Guid(5254213b7be9f374ea9f42e103d3d24d) Importer(815301076,1909f56bfc062723c751e8b465ee728b) (PreviewImporter) -> (artifact id: '31b8e794990ce0ac589f797166651f0c') in 0.0012542 seconds
Number of updated asset objects reloaded before import = 0Number of asset objects unloaded after import = 0

========================================================================
Received Import Request.
  Time since last request: 1.365981 seconds.
  path: Assets/tutoral/Scripts/PowerPellet.cs
  artifactKey: Guid(fa93fa24cd7f84548a0505b674004680) Importer(815301076,1909f56bfc062723c751e8b465ee728b)
Start importing Assets/tutoral/Scripts/PowerPellet.cs using Guid(fa93fa24cd7f84548a0505b674004680) Importer(815301076,1909f56bfc062723c751e8b465ee728b) (PreviewImporter) -> (artifact id: '278607fdba3cba98c1be52dac6ca87c5') in 0.0007637 seconds
Number of updated asset objects reloaded before import = 0Number of asset objects unloaded after import = 0

========================================================================
Received Import Request.
  Time since last request: 10.463018 seconds.
  path: Assets/tutoral/Physics
  artifactKey: Guid(4f0f3e522d7d55c4b8f24a28fb124daa) Importer(815301076,1909f56bfc062723c751e8b465ee728b)
Start importing Assets/tutoral/Physics using Guid(4f0f3e522d7d55c4b8f24a28fb124daa) Importer(815301076,1909f56bfc062723c751e8b465ee728b) (PreviewImporter) -> (artifact id: '9bb8751228fa0192739348af6ecdbd54') in 0.0010985 seconds
Number of updated asset objects reloaded before import = 0Number of asset objects unloaded after import = 0

========================================================================
Received Import Request.
  Time since last request: 1.857329 seconds.
  path: Assets/tutoral/Scenes
  artifactKey: Guid(fc539391bbf5de8498235407fc08fcfa) Importer(815301076,1909f56bfc062723c751e8b465ee728b)
Start importing Assets/tutoral/Scenes using Guid(fc539391bbf5de8498235407fc08fcfa) Importer(815301076,1909f56bfc062723c751e8b465ee728b) (PreviewImporter) -> (artifact id: '66547f5e2fcc7b9670b47e3b72b33b8d') in 0.0009222 seconds
Number of updated asset objects reloaded before import = 0Number of asset objects unloaded after import = 0

========================================================================
Received Import Request.
  Time since last request: 0.760286 seconds.
  path: Assets/tutoral/Scenes/Pacman.unity
  artifactKey: Guid(2cda990e2423bbf4892e6590ba056729) Importer(815301076,1909f56bfc062723c751e8b465ee728b)
Start importing Assets/tutoral/Scenes/Pacman.unity using Guid(2cda990e2423bbf4892e6590ba056729) Importer(815301076,1909f56bfc062723c751e8b465ee728b) (PreviewImporter) -> (artifact id: '9d5dc26e88efda60032fa7588c48b139') in 0.0011265 seconds
Number of updated asset objects reloaded before import = 0Number of asset objects unloaded after import = 0

========================================================================
Received Prepare
Begin MonoManager ReloadAssembly
- Loaded All Assemblies, in  1.780 seconds
Refreshing native plugins compatible for Editor in 1.70 ms, found 3 plugins.
Native extension for Android target not found
Native extension for WindowsStandalone target not found
Mono: successfully reloaded assembly
- Finished resetting the current domain, in  1.946 seconds
Domain Reload Profiling: 3727ms
	BeginReloadAssembly (453ms)
		ExecutionOrderSort (0ms)
		DisableScriptedObjects (48ms)
		BackupInstance (0ms)
		ReleaseScriptingObjects (0ms)
		CreateAndSetChildDomain (95ms)
	RebuildCommonClasses (71ms)
	RebuildNativeTypeToScriptingClass (26ms)
	initialDomainReloadingComplete (44ms)
	LoadAllAssembliesAndSetupDomain (1186ms)
		LoadAssemblies (1035ms)
		RebuildTransferFunctionScriptingTraits (0ms)
		AnalyzeDomain (371ms)
			TypeCache.Refresh (9ms)
				TypeCache.ScanAssembly (0ms)
			BuildScriptInfoCaches (330ms)
			ResolveRequiredComponents (27ms)
	FinalizeReload (1947ms)
		ReleaseScriptCaches (0ms)
		RebuildScriptCaches (0ms)
		SetupLoadedEditorAssemblies (1547ms)
			LogAssemblyErrors (0ms)
			InitializePlatformSupportModulesInManaged (25ms)
			SetLoadedEditorAssemblies (9ms)
			BeforeProcessingInitializeOnLoad (253ms)
			ProcessInitializeOnLoadAttributes (1112ms)
			ProcessInitializeOnLoadMethodAttributes (142ms)
			AfterProcessingInitializeOnLoad (5ms)
			EditorAssembliesLoaded (1ms)
		ExecutionOrderSort2 (0ms)
		AwakeInstancesAfterBackupRestoration (35ms)
Refreshing native plugins compatible for Editor in 5.40 ms, found 3 plugins.
Preloading 0 native plugins for Editor in 0.00 ms.
Unloading 42 Unused Serialized files (Serialized files now loaded: 0)
Unloading 6158 unused Assets / (8.8 MB). Loaded Objects now: 6866.
Memory consumption went from 147.8 MB to 139.1 MB.
Total: 47.023700 ms (FindLiveObjects: 1.151700 ms CreateObjectMapping: 2.532900 ms MarkObjects: 24.196100 ms  DeleteObjects: 19.127300 ms)

Prepare: number of updated asset objects reloaded= 0
========================================================================
Received Prepare
Begin MonoManager ReloadAssembly
- Loaded All Assemblies, in  1.935 seconds
Refreshing native plugins compatible for Editor in 2.86 ms, found 3 plugins.
Native extension for Android target not found
Native extension for WindowsStandalone target not found
Mono: successfully reloaded assembly
- Finished resetting the current domain, in  2.111 seconds
Domain Reload Profiling: 4048ms
	BeginReloadAssembly (454ms)
		ExecutionOrderSort (0ms)
		DisableScriptedObjects (23ms)
		BackupInstance (0ms)
		ReleaseScriptingObjects (0ms)
		CreateAndSetChildDomain (84ms)
	RebuildCommonClasses (93ms)
	RebuildNativeTypeToScriptingClass (33ms)
	initialDomainReloadingComplete (63ms)
	LoadAllAssembliesAndSetupDomain (1293ms)
		LoadAssemblies (1133ms)
		RebuildTransferFunctionScriptingTraits (0ms)
		AnalyzeDomain (419ms)
			TypeCache.Refresh (10ms)
				TypeCache.ScanAssembly (0ms)
			BuildScriptInfoCaches (385ms)
			ResolveRequiredComponents (19ms)
	FinalizeReload (2112ms)
		ReleaseScriptCaches (0ms)
		RebuildScriptCaches (0ms)
		SetupLoadedEditorAssemblies (1746ms)
			LogAssemblyErrors (0ms)
			InitializePlatformSupportModulesInManaged (25ms)
			SetLoadedEditorAssemblies (9ms)
			BeforeProcessingInitializeOnLoad (301ms)
			ProcessInitializeOnLoadAttributes (1176ms)
			ProcessInitializeOnLoadMethodAttributes (229ms)
			AfterProcessingInitializeOnLoad (5ms)
			EditorAssembliesLoaded (0ms)
		ExecutionOrderSort2 (0ms)
		AwakeInstancesAfterBackupRestoration (48ms)
Refreshing native plugins compatible for Editor in 6.95 ms, found 3 plugins.
Preloading 0 native plugins for Editor in 0.00 ms.
Unloading 31 Unused Serialized files (Serialized files now loaded: 0)
Unloading 6158 unused Assets / (9.1 MB). Loaded Objects now: 6868.
Memory consumption went from 145.7 MB to 136.7 MB.
Total: 111.851900 ms (FindLiveObjects: 9.987700 ms CreateObjectMapping: 6.432300 ms MarkObjects: 47.927600 ms  DeleteObjects: 46.025300 ms)

Prepare: number of updated asset objects reloaded= 0
========================================================================
Received Prepare
Refreshing native plugins compatible for Editor in 3.13 ms, found 3 plugins.
Preloading 0 native plugins for Editor in 0.00 ms.
Unloading 31 Unused Serialized files (Serialized files now loaded: 0)
Unloading 6136 unused Assets / (6.6 MB). Loaded Objects now: 6853.
Memory consumption went from 145.8 MB to 139.2 MB.
Total: 17.858100 ms (FindLiveObjects: 1.081200 ms CreateObjectMapping: 1.537100 ms MarkObjects: 9.516700 ms  DeleteObjects: 5.720500 ms)

Prepare: number of updated asset objects reloaded= 0
========================================================================
Received Prepare
Begin MonoManager ReloadAssembly
- Loaded All Assemblies, in  2.215 seconds
Refreshing native plugins compatible for Editor in 1.76 ms, found 3 plugins.
Native extension for Android target not found
Native extension for WindowsStandalone target not found
Mono: successfully reloaded assembly
- Finished resetting the current domain, in  1.515 seconds
Domain Reload Profiling: 3737ms
	BeginReloadAssembly (618ms)
		ExecutionOrderSort (0ms)
		DisableScriptedObjects (20ms)
		BackupInstance (0ms)
		ReleaseScriptingObjects (0ms)
		CreateAndSetChildDomain (223ms)
	RebuildCommonClasses (79ms)
	RebuildNativeTypeToScriptingClass (24ms)
	initialDomainReloadingComplete (60ms)
	LoadAllAssembliesAndSetupDomain (1439ms)
		LoadAssemblies (1242ms)
		RebuildTransferFunctionScriptingTraits (0ms)
		AnalyzeDomain (456ms)
			TypeCache.Refresh (19ms)
				TypeCache.ScanAssembly (1ms)
			BuildScriptInfoCaches (388ms)
			ResolveRequiredComponents (43ms)
	FinalizeReload (1516ms)
		ReleaseScriptCaches (0ms)
		RebuildScriptCaches (0ms)
		SetupLoadedEditorAssemblies (1215ms)
			LogAssemblyErrors (0ms)
			InitializePlatformSupportModulesInManaged (21ms)
			SetLoadedEditorAssemblies (8ms)
			BeforeProcessingInitializeOnLoad (228ms)
			ProcessInitializeOnLoadAttributes (851ms)
			ProcessInitializeOnLoadMethodAttributes (102ms)
			AfterProcessingInitializeOnLoad (3ms)
			EditorAssembliesLoaded (0ms)
		ExecutionOrderSort2 (0ms)
		AwakeInstancesAfterBackupRestoration (27ms)
Refreshing native plugins compatible for Editor in 3.28 ms, found 3 plugins.
Preloading 0 native plugins for Editor in 0.00 ms.
Unloading 31 Unused Serialized files (Serialized files now loaded: 0)
Unloading 6143 unused Assets / (6.6 MB). Loaded Objects now: 6855.
Memory consumption went from 145.7 MB to 139.1 MB.
Total: 22.249900 ms (FindLiveObjects: 1.249200 ms CreateObjectMapping: 2.078100 ms MarkObjects: 11.417100 ms  DeleteObjects: 7.502400 ms)

Prepare: number of updated asset objects reloaded= 0
========================================================================
Received Import Request.
  Time since last request: 1227.847477 seconds.
  path: Assets/Scenes/SampleScene.unity
  artifactKey: Guid(99c9720ab356a0642a771bea13969a05) Importer(815301076,1909f56bfc062723c751e8b465ee728b)
Start importing Assets/Scenes/SampleScene.unity using Guid(99c9720ab356a0642a771bea13969a05) Importer(815301076,1909f56bfc062723c751e8b465ee728b) (PreviewImporter) -> (artifact id: 'a72f1b75cb9be18fb419618527fd84a4') in 0.0543973 seconds
Number of updated asset objects reloaded before import = 0Number of asset objects unloaded after import = 0

========================================================================
Received Prepare
Begin MonoManager ReloadAssembly
- Loaded All Assemblies, in  1.687 seconds
Refreshing native plugins compatible for Editor in 3.63 ms, found 3 plugins.
Native extension for Android target not found
Native extension for WindowsStandalone target not found
Mono: successfully reloaded assembly
- Finished resetting the current domain, in  2.196 seconds
Domain Reload Profiling: 3888ms
	BeginReloadAssembly (484ms)
		ExecutionOrderSort (0ms)
		DisableScriptedObjects (15ms)
		BackupInstance (0ms)
		ReleaseScriptingObjects (0ms)
		CreateAndSetChildDomain (103ms)
	RebuildCommonClasses (75ms)
	RebuildNativeTypeToScriptingClass (35ms)
	initialDomainReloadingComplete (77ms)
	LoadAllAssembliesAndSetupDomain (1018ms)
		LoadAssemblies (897ms)
		RebuildTransferFunctionScriptingTraits (0ms)
		AnalyzeDomain (389ms)
			TypeCache.Refresh (10ms)
				TypeCache.ScanAssembly (0ms)
			BuildScriptInfoCaches (350ms)
			ResolveRequiredComponents (22ms)
	FinalizeReload (2199ms)
		ReleaseScriptCaches (0ms)
		RebuildScriptCaches (0ms)
		SetupLoadedEditorAssemblies (1826ms)
			LogAssemblyErrors (0ms)
			InitializePlatformSupportModulesInManaged (30ms)
			SetLoadedEditorAssemblies (10ms)
			BeforeProcessingInitializeOnLoad (325ms)
			ProcessInitializeOnLoadAttributes (1310ms)
			ProcessInitializeOnLoadMethodAttributes (146ms)
			AfterProcessingInitializeOnLoad (4ms)
			EditorAssembliesLoaded (1ms)
		ExecutionOrderSort2 (0ms)
		AwakeInstancesAfterBackupRestoration (40ms)
Refreshing native plugins compatible for Editor in 10.94 ms, found 3 plugins.
Preloading 0 native plugins for Editor in 0.00 ms.
Unloading 31 Unused Serialized files (Serialized files now loaded: 0)
Unloading 6143 unused Assets / (6.9 MB). Loaded Objects now: 6857.
Memory consumption went from 145.7 MB to 138.8 MB.
Total: 33.854600 ms (FindLiveObjects: 1.459800 ms CreateObjectMapping: 2.655900 ms MarkObjects: 18.292200 ms  DeleteObjects: 11.443600 ms)

Prepare: number of updated asset objects reloaded= 0
========================================================================
Received Prepare
Begin MonoManager ReloadAssembly
- Loaded All Assemblies, in  5.473 seconds
Refreshing native plugins compatible for Editor in 10.57 ms, found 3 plugins.
Native extension for Android target not found
Native extension for WindowsStandalone target not found
Mono: successfully reloaded assembly
- Finished resetting the current domain, in  2.525 seconds
Domain Reload Profiling: 8005ms
	BeginReloadAssembly (1472ms)
		ExecutionOrderSort (0ms)
		DisableScriptedObjects (25ms)
		BackupInstance (0ms)
		ReleaseScriptingObjects (0ms)
		CreateAndSetChildDomain (201ms)
	RebuildCommonClasses (110ms)
	RebuildNativeTypeToScriptingClass (33ms)
	initialDomainReloadingComplete (83ms)
	LoadAllAssembliesAndSetupDomain (3783ms)
		LoadAssemblies (4261ms)
		RebuildTransferFunctionScriptingTraits (0ms)
		AnalyzeDomain (544ms)
			TypeCache.Refresh (12ms)
				TypeCache.ScanAssembly (0ms)
			BuildScriptInfoCaches (471ms)
			ResolveRequiredComponents (51ms)
	FinalizeReload (2526ms)
		ReleaseScriptCaches (0ms)
		RebuildScriptCaches (0ms)
		SetupLoadedEditorAssemblies (2024ms)
			LogAssemblyErrors (0ms)
			InitializePlatformSupportModulesInManaged (36ms)
			SetLoadedEditorAssemblies (26ms)
			BeforeProcessingInitializeOnLoad (614ms)
			ProcessInitializeOnLoadAttributes (1154ms)
			ProcessInitializeOnLoadMethodAttributes (188ms)
			AfterProcessingInitializeOnLoad (5ms)
			EditorAssembliesLoaded (0ms)
		ExecutionOrderSort2 (0ms)
		AwakeInstancesAfterBackupRestoration (41ms)
Refreshing native plugins compatible for Editor in 5.75 ms, found 3 plugins.
Preloading 0 native plugins for Editor in 0.00 ms.
Unloading 31 Unused Serialized files (Serialized files now loaded: 0)
Unloading 6143 unused Assets / (6.9 MB). Loaded Objects now: 6859.
Memory consumption went from 145.7 MB to 138.8 MB.
Total: 51.914100 ms (FindLiveObjects: 4.461900 ms CreateObjectMapping: 2.725600 ms MarkObjects: 27.060800 ms  DeleteObjects: 17.662700 ms)

Prepare: number of updated asset objects reloaded= 0
========================================================================
Received Import Request.
  Time since last request: 2762.619140 seconds.
  path: Assets/Physics
  artifactKey: Guid(c5ef6b6484e1d764e80a7a77efca05de) Importer(815301076,1909f56bfc062723c751e8b465ee728b)
Start importing Assets/Physics using Guid(c5ef6b6484e1d764e80a7a77efca05de) Importer(815301076,1909f56bfc062723c751e8b465ee728b) (PreviewImporter) -> (artifact id: '59bb050720a5fb646f6e34b25178a802') in 0.1242988 seconds
Number of updated asset objects reloaded before import = 0Number of asset objects unloaded after import = 0

========================================================================
Received Import Request.
  Time since last request: 10.947200 seconds.
  path: Assets/Physics/New Material.mat
  artifactKey: Guid(1eff80f1449e9cb46b7004143f5d6300) Importer(815301076,1909f56bfc062723c751e8b465ee728b)
Start importing Assets/Physics/New Material.mat using Guid(1eff80f1449e9cb46b7004143f5d6300) Importer(815301076,1909f56bfc062723c751e8b465ee728b) (PreviewImporter) -> (artifact id: '32fd1fa5c5ae0de4345a5479be26e4ec') in 1.0290392 seconds
Number of updated asset objects reloaded before import = 0Number of asset objects unloaded after import = 2

========================================================================
Received Import Request.
  Time since last request: 15.661382 seconds.
  path: Assets/Physics/New Physics Material.physicMaterial
  artifactKey: Guid(2a21ca1a8056d5840b93e7feb954fb47) Importer(815301076,1909f56bfc062723c751e8b465ee728b)
Start importing Assets/Physics/New Physics Material.physicMaterial using Guid(2a21ca1a8056d5840b93e7feb954fb47) Importer(815301076,1909f56bfc062723c751e8b465ee728b) (PreviewImporter) -> (artifact id: '33bfae1f28af739e4ed8ffe9a193183a') in 0.0018427 seconds
Number of updated asset objects reloaded before import = 0Number of asset objects unloaded after import = 1

========================================================================
Received Import Request.
  Time since last request: 11.563306 seconds.
  path: Assets/Physics/ZeroFriction.physicsMaterial2D
  artifactKey: Guid(abe3fac1d629dd64b94b5a7ff84e146d) Importer(815301076,1909f56bfc062723c751e8b465ee728b)
Start importing Assets/Physics/ZeroFriction.physicsMaterial2D using Guid(abe3fac1d629dd64b94b5a7ff84e146d) Importer(815301076,1909f56bfc062723c751e8b465ee728b) (PreviewImporter) -> (artifact id: '48b79bd81014d1ba326aa1257c18071a') in 0.0018313 seconds
Number of updated asset objects reloaded before import = 0Number of asset objects unloaded after import = 1

========================================================================
Received Import Request.
  Time since last request: 17.151640 seconds.
  path: Assets/Physics/New Physics Material 2D.physicsMaterial2D
  artifactKey: Guid(51ad39fad8cf487459c9674093327e1a) Importer(815301076,1909f56bfc062723c751e8b465ee728b)
Start importing Assets/Physics/New Physics Material 2D.physicsMaterial2D using Guid(51ad39fad8cf487459c9674093327e1a) Importer(815301076,1909f56bfc062723c751e8b465ee728b) (PreviewImporter) -> (artifact id: 'c7652bbf1020ab2948af847447e6ccee') in 0.0014154 seconds
Number of updated asset objects reloaded before import = 0Number of asset objects unloaded after import = 1

========================================================================
Received Prepare
Begin MonoManager ReloadAssembly
- Loaded All Assemblies, in  1.428 seconds
Refreshing native plugins compatible for Editor in 2.28 ms, found 3 plugins.
Native extension for Android target not found
Native extension for WindowsStandalone target not found
Mono: successfully reloaded assembly
- Finished resetting the current domain, in  1.541 seconds
Domain Reload Profiling: 2970ms
	BeginReloadAssembly (459ms)
		ExecutionOrderSort (0ms)
		DisableScriptedObjects (37ms)
		BackupInstance (0ms)
		ReleaseScriptingObjects (0ms)
		CreateAndSetChildDomain (93ms)
	RebuildCommonClasses (67ms)
	RebuildNativeTypeToScriptingClass (18ms)
	initialDomainReloadingComplete (43ms)
	LoadAllAssembliesAndSetupDomain (841ms)
		LoadAssemblies (792ms)
		RebuildTransferFunctionScriptingTraits (0ms)
		AnalyzeDomain (301ms)
			TypeCache.Refresh (10ms)
				TypeCache.ScanAssembly (0ms)
			BuildScriptInfoCaches (268ms)
			ResolveRequiredComponents (19ms)
	FinalizeReload (1542ms)
		ReleaseScriptCaches (0ms)
		RebuildScriptCaches (0ms)
		SetupLoadedEditorAssemblies (1264ms)
			LogAssemblyErrors (0ms)
			InitializePlatformSupportModulesInManaged (18ms)
			SetLoadedEditorAssemblies (7ms)
			BeforeProcessingInitializeOnLoad (226ms)
			ProcessInitializeOnLoadAttributes (885ms)
			ProcessInitializeOnLoadMethodAttributes (124ms)
			AfterProcessingInitializeOnLoad (3ms)
			EditorAssembliesLoaded (1ms)
		ExecutionOrderSort2 (0ms)
		AwakeInstancesAfterBackupRestoration (32ms)
Refreshing native plugins compatible for Editor in 3.47 ms, found 3 plugins.
Preloading 0 native plugins for Editor in 0.00 ms.
Unloading 31 Unused Serialized files (Serialized files now loaded: 0)
Unloading 6144 unused Assets / (5.8 MB). Loaded Objects now: 6914.
Memory consumption went from 146.3 MB to 140.4 MB.
Total: 33.843300 ms (FindLiveObjects: 1.267700 ms CreateObjectMapping: 3.135100 ms MarkObjects: 21.794800 ms  DeleteObjects: 7.642500 ms)

Prepare: number of updated asset objects reloaded= 0
